{"/Users/Orlayhemmy/Desktop/test/Test/dt/data-table/src/App.vue": {"path":"/Users/Orlayhemmy/Desktop/test/Test/dt/data-table/src/App.vue","statementMap":{"0":{"start":{"line":67,"column":0},"end":{"line":67,"column":null}},"1":{"start":{"line":68,"column":0},"end":{"line":68,"column":null}},"2":{"start":{"line":77,"column":0},"end":{"line":77,"column":null}},"3":{"start":{"line":113,"column":0},"end":{"line":113,"column":null}},"4":{"start":{"line":117,"column":0},"end":{"line":117,"column":null}},"5":{"start":{"line":120,"column":0},"end":{"line":120,"column":null}},"6":{"start":{"line":124,"column":0},"end":{"line":124,"column":null}},"7":{"start":{"line":128,"column":0},"end":{"line":128,"column":null}},"8":{"start":{"line":132,"column":0},"end":{"line":132,"column":null}},"9":{"start":{"line":133,"column":0},"end":{"line":133,"column":null}},"10":{"start":{"line":137,"column":0},"end":{"line":137,"column":null}},"11":{"start":{"line":140,"column":0},"end":{"line":140,"column":null}},"12":{"start":{"line":143,"column":0},"end":{"line":143,"column":null}},"13":{"start":{"line":144,"column":0},"end":{"line":144,"column":null}},"14":{"start":{"line":145,"column":0},"end":{"line":145,"column":null}},"15":{"start":{"line":152,"column":0},"end":{"line":152,"column":null}},"16":{"start":{"line":151,"column":0},"end":{"line":151,"column":null}},"17":{"start":{"line":154,"column":0},"end":{"line":154,"column":null}},"18":{"start":{"line":155,"column":0},"end":{"line":165,"column":null}},"19":{"start":{"line":156,"column":0},"end":{"line":156,"column":null}},"20":{"start":{"line":157,"column":0},"end":{"line":157,"column":null}},"21":{"start":{"line":158,"column":0},"end":{"line":158,"column":null}},"22":{"start":{"line":159,"column":0},"end":{"line":159,"column":null}},"23":{"start":{"line":160,"column":0},"end":{"line":160,"column":null}},"24":{"start":{"line":161,"column":0},"end":{"line":161,"column":null}},"25":{"start":{"line":167,"column":0},"end":{"line":167,"column":null}},"26":{"start":{"line":169,"column":0},"end":{"line":178,"column":null}},"27":{"start":{"line":170,"column":0},"end":{"line":170,"column":null}},"28":{"start":{"line":171,"column":0},"end":{"line":171,"column":null}},"29":{"start":{"line":172,"column":0},"end":{"line":178,"column":null}},"30":{"start":{"line":173,"column":0},"end":{"line":173,"column":null}},"31":{"start":{"line":174,"column":0},"end":{"line":174,"column":null}},"32":{"start":{"line":175,"column":0},"end":{"line":178,"column":null}},"33":{"start":{"line":176,"column":0},"end":{"line":176,"column":null}},"34":{"start":{"line":177,"column":0},"end":{"line":177,"column":null}},"35":{"start":{"line":179,"column":0},"end":{"line":179,"column":null}},"36":{"start":{"line":183,"column":0},"end":{"line":183,"column":null}}},"fnMap":{"0":{"name":"data","decl":{"start":{"line":76,"column":0},"end":{"line":76,"column":null}},"loc":{"start":{"line":76,"column":0},"end":{"line":110,"column":null}}},"1":{"name":"tableData","decl":{"start":{"line":112,"column":0},"end":{"line":112,"column":null}},"loc":{"start":{"line":112,"column":0},"end":{"line":114,"column":null}}},"2":{"name":"get","decl":{"start":{"line":116,"column":0},"end":{"line":116,"column":null}},"loc":{"start":{"line":116,"column":0},"end":{"line":118,"column":null}}},"3":{"name":"set","decl":{"start":{"line":119,"column":0},"end":{"line":119,"column":null}},"loc":{"start":{"line":119,"column":0},"end":{"line":125,"column":null}}},"4":{"name":"getDataId","decl":{"start":{"line":127,"column":0},"end":{"line":127,"column":null}},"loc":{"start":{"line":127,"column":0},"end":{"line":129,"column":null}}},"5":{"name":"toggleInputBox","decl":{"start":{"line":132,"column":0},"end":{"line":132,"column":null}},"loc":{"start":{"line":132,"column":0},"end":{"line":138,"column":null}}},"6":{"name":"updateDescription","decl":{"start":{"line":139,"column":0},"end":{"line":139,"column":null}},"loc":{"start":{"line":139,"column":0},"end":{"line":141,"column":null}}},"7":{"name":"setFilter","decl":{"start":{"line":142,"column":0},"end":{"line":142,"column":null}},"loc":{"start":{"line":142,"column":0},"end":{"line":150,"column":null}}},"8":{"name":"filterData","decl":{"start":{"line":151,"column":0},"end":{"line":151,"column":null}},"loc":{"start":{"line":151,"column":0},"end":{"line":166,"column":null}}},"9":{"name":"validateUserInputs","decl":{"start":{"line":167,"column":0},"end":{"line":167,"column":null}},"loc":{"start":{"line":167,"column":0},"end":{"line":180,"column":null}}},"10":{"name":"created","decl":{"start":{"line":182,"column":0},"end":{"line":182,"column":null}},"loc":{"start":{"line":182,"column":0},"end":{"line":184,"column":null}}}},"branchMap":{"0":{"loc":{"start":{"line":132,"column":0},"end":{"line":132,"column":null}},"type":"cond-expr","locations":[{"start":{"line":132,"column":0},"end":{"line":132,"column":null}},{"start":{"line":132,"column":0},"end":{"line":132,"column":null}}]},"1":{"loc":{"start":{"line":134,"column":0},"end":{"line":134,"column":null}},"type":"cond-expr","locations":[{"start":{"line":134,"column":0},"end":{"line":134,"column":null}},{"start":{"line":134,"column":0},"end":{"line":134,"column":null}}]},"2":{"loc":{"start":{"line":135,"column":0},"end":{"line":135,"column":null}},"type":"cond-expr","locations":[{"start":{"line":135,"column":0},"end":{"line":135,"column":null}},{"start":{"line":135,"column":0},"end":{"line":135,"column":null}}]},"3":{"loc":{"start":{"line":155,"column":0},"end":{"line":165,"column":null}},"type":"if","locations":[{"start":{"line":155,"column":0},"end":{"line":165,"column":null}},{"start":{"line":155,"column":0},"end":{"line":165,"column":null}}]},"4":{"loc":{"start":{"line":157,"column":0},"end":{"line":157,"column":null}},"type":"binary-expr","locations":[{"start":{"line":157,"column":0},"end":{"line":157,"column":null}},{"start":{"line":157,"column":0},"end":{"line":157,"column":null}}]},"5":{"loc":{"start":{"line":158,"column":0},"end":{"line":158,"column":null}},"type":"binary-expr","locations":[{"start":{"line":158,"column":0},"end":{"line":158,"column":null}},{"start":{"line":158,"column":0},"end":{"line":158,"column":null}}]},"6":{"loc":{"start":{"line":159,"column":0},"end":{"line":159,"column":null}},"type":"binary-expr","locations":[{"start":{"line":159,"column":0},"end":{"line":159,"column":null}},{"start":{"line":159,"column":0},"end":{"line":159,"column":null}}]},"7":{"loc":{"start":{"line":160,"column":0},"end":{"line":160,"column":null}},"type":"binary-expr","locations":[{"start":{"line":160,"column":0},"end":{"line":160,"column":null}},{"start":{"line":160,"column":0},"end":{"line":160,"column":null}}]},"8":{"loc":{"start":{"line":169,"column":0},"end":{"line":178,"column":null}},"type":"if","locations":[{"start":{"line":169,"column":0},"end":{"line":178,"column":null}},{"start":{"line":169,"column":0},"end":{"line":178,"column":null}}]},"9":{"loc":{"start":{"line":169,"column":0},"end":{"line":169,"column":null}},"type":"binary-expr","locations":[{"start":{"line":169,"column":0},"end":{"line":169,"column":null}},{"start":{"line":169,"column":0},"end":{"line":169,"column":null}},{"start":{"line":169,"column":0},"end":{"line":169,"column":null}},{"start":{"line":169,"column":0},"end":{"line":169,"column":null}}]},"10":{"loc":{"start":{"line":172,"column":0},"end":{"line":178,"column":null}},"type":"if","locations":[{"start":{"line":172,"column":0},"end":{"line":178,"column":null}},{"start":{"line":172,"column":0},"end":{"line":178,"column":null}}]},"11":{"loc":{"start":{"line":172,"column":0},"end":{"line":172,"column":null}},"type":"binary-expr","locations":[{"start":{"line":172,"column":0},"end":{"line":172,"column":null}},{"start":{"line":172,"column":0},"end":{"line":172,"column":null}},{"start":{"line":172,"column":0},"end":{"line":172,"column":null}}]},"12":{"loc":{"start":{"line":175,"column":0},"end":{"line":178,"column":null}},"type":"if","locations":[{"start":{"line":175,"column":0},"end":{"line":178,"column":null}},{"start":{"line":175,"column":0},"end":{"line":178,"column":null}}]},"13":{"loc":{"start":{"line":175,"column":0},"end":{"line":175,"column":null}},"type":"binary-expr","locations":[{"start":{"line":175,"column":0},"end":{"line":175,"column":null}},{"start":{"line":175,"column":0},"end":{"line":175,"column":null}}]}},"s":{"0":1,"1":1,"2":1,"3":1,"4":1,"5":1,"6":1,"7":1,"8":1,"9":1,"10":1,"11":1,"12":1,"13":1,"14":1,"15":3,"16":15,"17":3,"18":3,"19":1,"20":1,"21":1,"22":1,"23":1,"24":1,"25":15,"26":3,"27":1,"28":1,"29":2,"30":1,"31":1,"32":1,"33":0,"34":0,"35":1,"36":1},"f":{"0":1,"1":1,"2":1,"3":1,"4":1,"5":1,"6":1,"7":1,"8":3,"9":3,"10":1},"b":{"0":[2,1],"1":[1,0],"2":[1,0],"3":[1,2],"4":[1,1],"5":[1,1],"6":[1,0],"7":[1,0],"8":[1,2],"9":[3,3,3,1],"10":[1,1],"11":[2,2,1],"12":[0,1],"13":[1,0]}}
,"/Users/Orlayhemmy/Desktop/test/Test/dt/data-table/src/firebase.js": {"path":"/Users/Orlayhemmy/Desktop/test/Test/dt/data-table/src/firebase.js","statementMap":{"0":{"start":{"line":4,"column":16},"end":{"line":6,"column":1}},"1":{"start":{"line":7,"column":0},"end":{"line":7,"column":32}},"2":{"start":{"line":9,"column":11},"end":{"line":9,"column":22}}},"fnMap":{},"branchMap":{},"s":{"0":3,"1":3,"2":3},"f":{},"b":{},"_coverageSchema":"43e27e138ebf9cfc5966b082cf9a028302ed4184","hash":"eca1d6cdb53d2d81e1cc332eedb60c837f3b90ac"}
,"/Users/Orlayhemmy/Desktop/test/Test/dt/data-table/src/store.js": {"path":"/Users/Orlayhemmy/Desktop/test/Test/dt/data-table/src/store.js","statementMap":{"0":{"start":{"line":5,"column":0},"end":{"line":5,"column":14}},"1":{"start":{"line":6,"column":0},"end":{"line":6,"column":12}},"2":{"start":{"line":8,"column":21},"end":{"line":13,"column":1}},"3":{"start":{"line":15,"column":23},"end":{"line":25,"column":1}},"4":{"start":{"line":17,"column":4},"end":{"line":17,"column":27}},"5":{"start":{"line":20,"column":4},"end":{"line":20,"column":29}},"6":{"start":{"line":23,"column":4},"end":{"line":23,"column":24}},"7":{"start":{"line":27,"column":25},"end":{"line":58,"column":1}},"8":{"start":{"line":29,"column":4},"end":{"line":33,"column":9}},"9":{"start":{"line":30,"column":7},"end":{"line":32,"column":15}},"10":{"start":{"line":34,"column":4},"end":{"line":34,"column":24}},"11":{"start":{"line":37,"column":4},"end":{"line":37,"column":40}},"12":{"start":{"line":38,"column":4},"end":{"line":38,"column":50}},"13":{"start":{"line":41,"column":16},"end":{"line":41,"column":37}},"14":{"start":{"line":42,"column":4},"end":{"line":42,"column":123}},"15":{"start":{"line":42,"column":54},"end":{"line":42,"column":120}},"16":{"start":{"line":45,"column":4},"end":{"line":53,"column":7}},"17":{"start":{"line":46,"column":18},"end":{"line":51,"column":7}},"18":{"start":{"line":52,"column":6},"end":{"line":52,"column":32}},"19":{"start":{"line":56,"column":4},"end":{"line":56,"column":26}},"20":{"start":{"line":60,"column":23},"end":{"line":90,"column":1}},"21":{"start":{"line":62,"column":4},"end":{"line":62,"column":48}},"22":{"start":{"line":65,"column":4},"end":{"line":65,"column":47}},"23":{"start":{"line":68,"column":4},"end":{"line":71,"column":90}},"24":{"start":{"line":70,"column":18},"end":{"line":70,"column":58}},"25":{"start":{"line":71,"column":19},"end":{"line":71,"column":88}},"26":{"start":{"line":74,"column":39},"end":{"line":74,"column":52}},"27":{"start":{"line":77,"column":4},"end":{"line":83,"column":5}},"28":{"start":{"line":78,"column":6},"end":{"line":80,"column":145}},"29":{"start":{"line":82,"column":6},"end":{"line":82,"column":44}},"30":{"start":{"line":85,"column":4},"end":{"line":88,"column":7}},"31":{"start":{"line":86,"column":6},"end":{"line":86,"column":35}},"32":{"start":{"line":87,"column":6},"end":{"line":87,"column":53}},"33":{"start":{"line":92,"column":21},"end":{"line":97,"column":2}}},"fnMap":{"0":{"name":"(anonymous_0)","decl":{"start":{"line":16,"column":2},"end":{"line":16,"column":3}},"loc":{"start":{"line":16,"column":19},"end":{"line":18,"column":3}},"line":16},"1":{"name":"(anonymous_1)","decl":{"start":{"line":19,"column":2},"end":{"line":19,"column":3}},"loc":{"start":{"line":19,"column":24},"end":{"line":21,"column":3}},"line":19},"2":{"name":"(anonymous_2)","decl":{"start":{"line":22,"column":2},"end":{"line":22,"column":3}},"loc":{"start":{"line":22,"column":19},"end":{"line":24,"column":3}},"line":22},"3":{"name":"(anonymous_3)","decl":{"start":{"line":28,"column":2},"end":{"line":28,"column":3}},"loc":{"start":{"line":28,"column":32},"end":{"line":35,"column":3}},"line":28},"4":{"name":"(anonymous_4)","decl":{"start":{"line":29,"column":42},"end":{"line":29,"column":43}},"loc":{"start":{"line":30,"column":7},"end":{"line":32,"column":15}},"line":30},"5":{"name":"(anonymous_5)","decl":{"start":{"line":36,"column":2},"end":{"line":36,"column":3}},"loc":{"start":{"line":36,"column":34},"end":{"line":39,"column":3}},"line":36},"6":{"name":"(anonymous_6)","decl":{"start":{"line":40,"column":2},"end":{"line":40,"column":3}},"loc":{"start":{"line":40,"column":35},"end":{"line":43,"column":3}},"line":40},"7":{"name":"(anonymous_7)","decl":{"start":{"line":42,"column":43},"end":{"line":42,"column":44}},"loc":{"start":{"line":42,"column":54},"end":{"line":42,"column":120}},"line":42},"8":{"name":"(anonymous_8)","decl":{"start":{"line":44,"column":2},"end":{"line":44,"column":3}},"loc":{"start":{"line":44,"column":39},"end":{"line":54,"column":3}},"line":44},"9":{"name":"(anonymous_9)","decl":{"start":{"line":45,"column":31},"end":{"line":45,"column":32}},"loc":{"start":{"line":45,"column":40},"end":{"line":53,"column":5}},"line":45},"10":{"name":"(anonymous_10)","decl":{"start":{"line":55,"column":2},"end":{"line":55,"column":3}},"loc":{"start":{"line":55,"column":31},"end":{"line":57,"column":3}},"line":55},"11":{"name":"(anonymous_11)","decl":{"start":{"line":61,"column":2},"end":{"line":61,"column":3}},"loc":{"start":{"line":61,"column":34},"end":{"line":63,"column":3}},"line":61},"12":{"name":"(anonymous_12)","decl":{"start":{"line":64,"column":2},"end":{"line":64,"column":3}},"loc":{"start":{"line":64,"column":35},"end":{"line":66,"column":3}},"line":64},"13":{"name":"(anonymous_13)","decl":{"start":{"line":67,"column":2},"end":{"line":67,"column":3}},"loc":{"start":{"line":67,"column":35},"end":{"line":72,"column":3}},"line":67},"14":{"name":"(anonymous_14)","decl":{"start":{"line":70,"column":12},"end":{"line":70,"column":13}},"loc":{"start":{"line":70,"column":18},"end":{"line":70,"column":58}},"line":70},"15":{"name":"(anonymous_15)","decl":{"start":{"line":71,"column":13},"end":{"line":71,"column":14}},"loc":{"start":{"line":71,"column":19},"end":{"line":71,"column":88}},"line":71},"16":{"name":"(anonymous_16)","decl":{"start":{"line":73,"column":2},"end":{"line":73,"column":3}},"loc":{"start":{"line":73,"column":43},"end":{"line":89,"column":3}},"line":73},"17":{"name":"(anonymous_17)","decl":{"start":{"line":85,"column":21},"end":{"line":85,"column":22}},"loc":{"start":{"line":85,"column":35},"end":{"line":88,"column":5}},"line":85}},"branchMap":{"0":{"loc":{"start":{"line":30,"column":7},"end":{"line":32,"column":15}},"type":"cond-expr","locations":[{"start":{"line":31,"column":10},"end":{"line":31,"column":54}},{"start":{"line":32,"column":10},"end":{"line":32,"column":15}}],"line":30},"1":{"loc":{"start":{"line":38,"column":19},"end":{"line":38,"column":49}},"type":"cond-expr","locations":[{"start":{"line":38,"column":32},"end":{"line":38,"column":42}},{"start":{"line":38,"column":45},"end":{"line":38,"column":49}}],"line":38},"2":{"loc":{"start":{"line":42,"column":54},"end":{"line":42,"column":120}},"type":"cond-expr","locations":[{"start":{"line":42,"column":82},"end":{"line":42,"column":83}},{"start":{"line":42,"column":86},"end":{"line":42,"column":120}}],"line":42},"3":{"loc":{"start":{"line":42,"column":86},"end":{"line":42,"column":120}},"type":"cond-expr","locations":[{"start":{"line":42,"column":114},"end":{"line":42,"column":116}},{"start":{"line":42,"column":119},"end":{"line":42,"column":120}}],"line":42},"4":{"loc":{"start":{"line":44,"column":23},"end":{"line":44,"column":37}},"type":"default-arg","locations":[{"start":{"line":44,"column":33},"end":{"line":44,"column":37}}],"line":44},"5":{"loc":{"start":{"line":45,"column":4},"end":{"line":53,"column":6}},"type":"binary-expr","locations":[{"start":{"line":45,"column":4},"end":{"line":45,"column":11}},{"start":{"line":45,"column":15},"end":{"line":53,"column":6}}],"line":45},"6":{"loc":{"start":{"line":73,"column":27},"end":{"line":73,"column":41}},"type":"default-arg","locations":[{"start":{"line":73,"column":37},"end":{"line":73,"column":41}}],"line":73},"7":{"loc":{"start":{"line":74,"column":39},"end":{"line":74,"column":52}},"type":"binary-expr","locations":[{"start":{"line":74,"column":39},"end":{"line":74,"column":46}},{"start":{"line":74,"column":50},"end":{"line":74,"column":52}}],"line":74},"8":{"loc":{"start":{"line":77,"column":4},"end":{"line":83,"column":5}},"type":"if","locations":[{"start":{"line":77,"column":4},"end":{"line":83,"column":5}},{"start":{"line":77,"column":4},"end":{"line":83,"column":5}}],"line":77},"9":{"loc":{"start":{"line":78,"column":14},"end":{"line":80,"column":145}},"type":"cond-expr","locations":[{"start":{"line":79,"column":10},"end":{"line":79,"column":145}},{"start":{"line":80,"column":10},"end":{"line":80,"column":145}}],"line":78}},"s":{"0":3,"1":3,"2":3,"3":3,"4":1,"5":1,"6":1,"7":3,"8":1,"9":4,"10":1,"11":1,"12":1,"13":1,"14":1,"15":6,"16":0,"17":0,"18":0,"19":1,"20":3,"21":1,"22":1,"23":2,"24":1,"25":1,"26":1,"27":1,"28":0,"29":1,"30":1,"31":0,"32":0,"33":3},"f":{"0":1,"1":1,"2":1,"3":1,"4":4,"5":1,"6":1,"7":6,"8":0,"9":0,"10":1,"11":1,"12":1,"13":2,"14":1,"15":1,"16":1,"17":0},"b":{"0":[1,3],"1":[1,0],"2":[4,2],"3":[2,0],"4":[0],"5":[0,0],"6":[1],"7":[1,1],"8":[0,1],"9":[0,0]},"_coverageSchema":"43e27e138ebf9cfc5966b082cf9a028302ed4184","hash":"117f3a6a3eee52a69840f0a5ad3cd70c0a267bb2"}
,"/Users/Orlayhemmy/Desktop/test/Test/dt/data-table/src/components/Modal.vue": {"path":"/Users/Orlayhemmy/Desktop/test/Test/dt/data-table/src/components/Modal.vue","statementMap":{"0":{"start":{"line":21,"column":0},"end":{"line":21,"column":null}},"1":{"start":{"line":27,"column":0},"end":{"line":27,"column":null}}},"fnMap":{"0":{"name":"data","decl":{"start":{"line":20,"column":0},"end":{"line":20,"column":null}},"loc":{"start":{"line":20,"column":0},"end":{"line":24,"column":null}}},"1":{"name":"toggleModal","decl":{"start":{"line":26,"column":0},"end":{"line":26,"column":null}},"loc":{"start":{"line":26,"column":0},"end":{"line":28,"column":null}}}},"branchMap":{},"s":{"0":2,"1":4},"f":{"0":2,"1":4},"b":{}}
,"/Users/Orlayhemmy/Desktop/test/Test/dt/data-table/src/components/Table.vue": {"path":"/Users/Orlayhemmy/Desktop/test/Test/dt/data-table/src/components/Table.vue","statementMap":{"0":{"start":{"line":30,"column":0},"end":{"line":30,"column":null}}},"fnMap":{"0":{"name":"sortData","decl":{"start":{"line":29,"column":0},"end":{"line":29,"column":null}},"loc":{"start":{"line":29,"column":0},"end":{"line":31,"column":null}}}},"branchMap":{},"s":{"0":1},"f":{"0":1},"b":{}}
}
